<?xml version="1.0" encoding="UTF-8"?>
<!-- Generated by org.testng.reporters.JUnitReportReporter -->
<testsuite skipped="0" hostname="DESKTOP-77K4411" name="MavenMarloTest.MavenMarloTest.NewTest" tests="1" failures="0" timestamp="14 Feb 2020 10:16:41 GMT" time="58.528" errors="0">
  <testcase name="Malro" time="58.528" classname="MavenMarloTest.MavenMarloTest.NewTest"/>
</testsuite> <!-- MavenMarloTest.MavenMarloTest.NewTest -->
